<?xml version="1.0" encoding="UTF-8" ?>
<testsuite errors="1" failures="0" hostname="WIN-SH6BKF1BS8O" name="lft.wdhbdemo.LeanFtTest" skipped="0" tests="2" time="136.128" timestamp="2016-02-17T00:49:53">
  <properties>
    <property name="java.vendor" value="Oracle Corporation" />
    <property name="osgi.bundles.defaultStartLevel" value="4" />
    <property name="org.eclipse.debug.ui.breakpoints.toggleFactoriesUsed" value="false" />
    <property name="sun.java.launcher" value="SUN_STANDARD" />
    <property name="org.osgi.supports.framework.extension" value="true" />
    <property name="sun.management.compiler" value="HotSpot 64-Bit Tiered Compilers" />
    <property name="eclipse.p2.profile" value="epp.package.java" />
    <property name="os.name" value="Windows 8.1" />
    <property name="sun.boot.class.path" value="C:\Program Files\Java\jre7\lib\resources.jar;C:\Program Files\Java\jre7\lib\rt.jar;C:\Program Files\Java\jre7\lib\sunrsasign.jar;C:\Program Files\Java\jre7\lib\jsse.jar;C:\Program Files\Java\jre7\lib\jce.jar;C:\Program Files\Java\jre7\lib\charsets.jar;C:\Program Files\Java\jre7\lib\jfr.jar;C:\Program Files\Java\jre7\classes;C:\Program Files (x86)\HP\Unified Functional Testing\bin\java_shared\classes;C:\Program Files (x86)\HP\Unified Functional Testing\bin\java_shared\classes\jasmine.jar" />
    <property name="eclipse.running" value="true" />
    <property name="osgi.ws" value="win32" />
    <property name="sun.desktop" value="windows" />
    <property name="java.vm.specification.vendor" value="Oracle Corporation" />
    <property name="ant.home" value="C:\eclipse\eclipse\plugins\org.apache.ant_1.9.4.v201504302020" />
    <property name="java.runtime.version" value="1.7.0_79-b15" />
    <property name="osgi.instance.area" value="file:/C:/Users/droukman/workspace/LeanFT_WHDB_Demo/" />
    <property name="org.osgi.framework.uuid" value="10da3bdd-08d5-0015-1555-d304f0ba17f5" />
    <property name="org.eclipse.m2e.log.dir" value="C:\Users\droukman\workspace\LeanFT_WHDB_Demo\.metadata\.plugins\org.eclipse.m2e.logback.configuration" />
    <property name="user.name" value="droukman" />
    <property name="osgi.framework.extensions" value="reference:file:org.eclipse.osgi.compatibility.state_1.0.100.v20150402-1551.jar" />
    <property name="org.osgi.framework.system.packages" value="javax.accessibility,javax.activation,javax.activity,javax.annotation,javax.annotation.processing,javax.crypto,javax.crypto.interfaces,javax.crypto.spec,javax.imageio,javax.imageio.event,javax.imageio.metadata,javax.imageio.plugins.bmp,javax.imageio.plugins.jpeg,javax.imageio.spi,javax.imageio.stream,javax.jws,javax.jws.soap,javax.lang.model,javax.lang.model.element,javax.lang.model.type,javax.lang.model.util,javax.management,javax.management.loading,javax.management.modelmbean,javax.management.monitor,javax.management.openmbean,javax.management.relation,javax.management.remote,javax.management.remote.rmi,javax.management.timer,javax.naming,javax.naming.directory,javax.naming.event,javax.naming.ldap,javax.naming.spi,javax.net,javax.net.ssl,javax.print,javax.print.attribute,javax.print.attribute.standard,javax.print.event,javax.rmi,javax.rmi.CORBA,javax.rmi.ssl,javax.script,javax.security.auth,javax.security.auth.callback,javax.security.auth.kerberos,javax.security.auth.login,javax.security.auth.spi,javax.security.auth.x500,javax.security.cert,javax.security.sasl,javax.sound.midi,javax.sound.midi.spi,javax.sound.sampled,javax.sound.sampled.spi,javax.sql,javax.sql.rowset,javax.sql.rowset.serial,javax.sql.rowset.spi,javax.swing,javax.swing.border,javax.swing.colorchooser,javax.swing.event,javax.swing.filechooser,javax.swing.plaf,javax.swing.plaf.basic,javax.swing.plaf.metal,javax.swing.plaf.multi,javax.swing.plaf.nimbus,javax.swing.plaf.synth,javax.swing.table,javax.swing.text,javax.swing.text.html,javax.swing.text.html.parser,javax.swing.text.rtf,javax.swing.tree,javax.swing.undo,javax.tools,javax.transaction,javax.transaction.xa,javax.xml,javax.xml.bind,javax.xml.bind.annotation,javax.xml.bind.annotation.adapters,javax.xml.bind.attachment,javax.xml.bind.helpers,javax.xml.bind.util,javax.xml.crypto,javax.xml.crypto.dom,javax.xml.crypto.dsig,javax.xml.crypto.dsig.dom,javax.xml.crypto.dsig.keyinfo,javax.xml.crypto.dsig.spec,javax.xml.datatype,javax.xml.namespace,javax.xml.parsers,javax.xml.soap,javax.xml.stream,javax.xml.stream.events,javax.xml.stream.util,javax.xml.transform,javax.xml.transform.dom,javax.xml.transform.sax,javax.xml.transform.stax,javax.xml.transform.stream,javax.xml.validation,javax.xml.ws,javax.xml.ws.handler,javax.xml.ws.handler.soap,javax.xml.ws.http,javax.xml.ws.soap,javax.xml.ws.spi,javax.xml.ws.spi.http,javax.xml.ws.wsaddressing,javax.xml.xpath,org.ietf.jgss,org.omg.CORBA,org.omg.CORBA_2_3,org.omg.CORBA_2_3.portable,org.omg.CORBA.DynAnyPackage,org.omg.CORBA.ORBPackage,org.omg.CORBA.portable,org.omg.CORBA.TypeCodePackage,org.omg.CosNaming,org.omg.CosNaming.NamingContextExtPackage,org.omg.CosNaming.NamingContextPackage,org.omg.Dynamic,org.omg.DynamicAny,org.omg.DynamicAny.DynAnyFactoryPackage,org.omg.DynamicAny.DynAnyPackage,org.omg.IOP,org.omg.IOP.CodecFactoryPackage,org.omg.IOP.CodecPackage,org.omg.Messaging,org.omg.PortableInterceptor,org.omg.PortableInterceptor.ORBInitInfoPackage,org.omg.PortableServer,org.omg.PortableServer.CurrentPackage,org.omg.PortableServer.POAManagerPackage,org.omg.PortableServer.POAPackage,org.omg.PortableServer.portable,org.omg.PortableServer.ServantLocatorPackage,org.omg.SendingContext,org.omg.stub.java.rmi,org.w3c.dom,org.w3c.dom.bootstrap,org.w3c.dom.css,org.w3c.dom.events,org.w3c.dom.html,org.w3c.dom.ls,org.w3c.dom.ranges,org.w3c.dom.stylesheets,org.w3c.dom.traversal,org.w3c.dom.views,org.w3c.dom.xpath,org.xml.sax,org.xml.sax.ext,org.xml.sax.helpers" />
    <property name="eclipse.launcher" value="C:\eclipse\eclipse\eclipse.exe" />
    <property name="build.dir" value="C:\Users\droukman\git\LeanFT_WHDBDemo\bin" />
    <property name="eclipse.launcher.name" value="Eclipse" />
    <property name="osgi.frameworkClassPath" value="., file:c:/eclipse/eclipse/plugins/org.eclipse.osgi.compatibility.state_1.0.100.v20150402-1551.jar" />
    <property name="equinox.use.ds" value="true" />
    <property name="org.osgi.framework.language" value="en" />
    <property name="user.language" value="en" />
    <property name="org.osgi.framework.processor" value="x86-64" />
    <property name="osgi.syspath" value="c:\eclipse\eclipse\plugins" />
    <property name="test.report.dir" value="C:\Users\droukman\git\LeanFT_WHDBDemo\RunResults" />
    <property name="sun.boot.library.path" value="C:\Program Files\Java\jre7\bin" />
    <property name="org.osgi.framework.system.capabilities" value="osgi.ee; osgi.ee=&quot;OSGi/Minimum&quot;; version:List&lt;Version&gt;=&quot;1.0, 1.1, 1.2&quot;,osgi.ee; osgi.ee=&quot;JRE&quot;; version:List&lt;Version&gt;=&quot;1.0, 1.1&quot;,osgi.ee; osgi.ee=&quot;JavaSE&quot;; version:List&lt;Version&gt;=&quot;1.0, 1.1, 1.2, 1.3, 1.4, 1.5, 1.6, 1.7&quot;" />
    <property name="ant.project.default-target" value="main" />
    <property name="osgi.compatibility.bootdelegation" value="true" />
    <property name="ant.project.name" value="LeanFT_WDHBDemo" />
    <property name="java.version" value="1.7.0_79" />
    <property name="org.osgi.framework.os.name" value="Windows8" />
    <property name="user.timezone" value="" />
    <property name="sun.arch.data.model" value="64" />
    <property name="osgi.bundles" value="reference:file:org.eclipse.osgi.compatibility.state_1.0.100.v20150402-1551.jar,reference:file:org.eclipse.equinox.simpleconfigurator_1.1.100.v20150423-1455.jar@1:start" />
    <property name="java.endorsed.dirs" value="C:\Program Files\Java\jre7\lib\endorsed" />
    <property name="osgi.tracefile" value="C:\Users\droukman\workspace\LeanFT_WHDB_Demo\.metadata\trace.log" />
    <property name="sun.cpu.isalist" value="amd64" />
    <property name="sun.jnu.encoding" value="Cp1252" />
    <property name="eclipse.application" value="org.eclipse.ui.ide.workbench" />
    <property name="file.encoding.pkg" value="sun.io" />
    <property name="org.osgi.framework.vendor" value="Eclipse" />
    <property name="file.separator" value="\" />
    <property name="java.specification.name" value="Java Platform API Specification" />
    <property name="java.class.version" value="51.0" />
    <property name="user.country" value="US" />
    <property name="org.eclipse.equinox.launcher.splash.location" value="C:\eclipse\eclipse\\plugins\org.eclipse.platform_4.5.1.v20150904-0015\splash.bmp" />
    <property name="java.home" value="C:\Program Files\Java\jre7" />
    <property name="osgi.os" value="win32" />
    <property name="eclipse.commands" value="-os&#xa;win32&#xa;-ws&#xa;win32&#xa;-arch&#xa;x86_64&#xa;-showsplash&#xa;C:\eclipse\eclipse\\plugins\org.eclipse.platform_4.5.1.v20150904-0015\splash.bmp&#xa;-launcher&#xa;C:\eclipse\eclipse\eclipse.exe&#xa;-name&#xa;Eclipse&#xa;--launcher.library&#xa;C:\eclipse\eclipse\\plugins/org.eclipse.equinox.launcher.win32.win32.x86_64_1.1.300.v20150602-1417\eclipse_1611.dll&#xa;-startup&#xa;C:\eclipse\eclipse\\plugins/org.eclipse.equinox.launcher_1.3.100.v20150511-1540.jar&#xa;--launcher.appendVmargs&#xa;-exitdata&#xa;870_68&#xa;-product&#xa;org.eclipse.epp.package.java.product&#xa;-vm&#xa;C:\Windows\system32\javaw.exe&#xa;" />
    <property name="java.vm.info" value="mixed mode" />
    <property name="osgi.splashLocation" value="C:\eclipse\eclipse\\plugins\org.eclipse.platform_4.5.1.v20150904-0015\splash.bmp" />
    <property name="ant.file" value="C:\Users\droukman\git\LeanFT_WHDBDemo\build.xml" />
    <property name="os.version" value="6.3" />
    <property name="osgi.arch" value="x86_64" />
    <property name="path.separator" value=";" />
    <property name="eclipse.home" value="C:\eclipse\eclipse" />
    <property name="java.vm.version" value="24.79-b02" />
    <property name="org.osgi.supports.framework.fragment" value="true" />
    <property name="user.variant" value="" />
    <property name="ant.library.dir" value="C:\eclipse\eclipse\plugins\org.apache.ant_1.9.4.v201504302020\lib" />
    <property name="osgi.framework.shape" value="jar" />
    <property name="java.awt.printerjob" value="sun.awt.windows.WPrinterJob" />
    <property name="osgi.instance.area.default" value="file:/C:/Users/droukman/workspace/" />
    <property name="sun.io.unicode.encoding" value="UnicodeLittle" />
    <property name="org.osgi.framework.version" value="1.8.0" />
    <property name="awt.toolkit" value="sun.awt.windows.WToolkit" />
    <property name="ant.file.LeanFT_WDHBDemo" value="C:\Users\droukman\git\LeanFT_WHDBDemo\build.xml" />
    <property name="user.script" value="" />
    <property name="eclipse.stateSaveDelayInterval" value="30000" />
    <property name="osgi.install.area" value="file:/C:/eclipse/eclipse/" />
    <property name="osgi.framework" value="file:/c:/eclipse/eclipse/plugins/org.eclipse.osgi_3.10.101.v20150820-1432.jar" />
    <property name="user.home" value="C:\Users\droukman" />
    <property name="org.eclipse.equinox.simpleconfigurator.configUrl" value="file:org.eclipse.equinox.simpleconfigurator/bundles.info" />
    <property name="osgi.framework.useSystemProperties" value="true" />
    <property name="osgi.splashPath" value="platform:/base/plugins/org.eclipse.platform" />
    <property name="osgi.nl" value="en_US" />
    <property name="java.specification.vendor" value="Oracle Corporation" />
    <property name="test.dir" value="C:\Users\droukman\git\LeanFT_WHDBDemo\src" />
    <property name="java.vendor.url" value="http://java.oracle.com/" />
    <property name="java.library.path" value="C:\Program Files\Java\jre7\bin;C:\Windows\Sun\Java\bin;C:\Windows\system32;C:\Windows;C:\Windows\system32;C:\Windows;C:\Windows\System32\Wbem;C:\Windows\System32\WindowsPowerShell\v1.0\;c:\Program Files (x86)\Microsoft SQL Server\100\Tools\Binn\;c:\Program Files (x86)\Microsoft SQL Server\100\DTS\Binn\;C:\Windows\system32\config\systemprofile\.dnx\bin;C:\Program Files\Microsoft DNX\Dnvm\;C:\Program Files\Microsoft SQL Server\120\Tools\Binn\;C:\Program Files (x86)\HP\Sprinter\bin;C:\Program Files (x86)\HP\Unified Functional Testing\bin;C:\Program Files\Git\bin;C:\Program Files (x86)\HP\Unified Functional Testing\\bin64;." />
    <property name="eclipse.startTime" value="1455666916001" />
    <property name="eclipse.p2.data.area" value="@config.dir/../p2/" />
    <property name="org.osgi.framework.os.version" value="6.3.0" />
    <property name="java.vm.vendor" value="Oracle Corporation" />
    <property name="java.runtime.name" value="Java(TM) SE Runtime Environment" />
    <property name="ant.version" value="Apache Ant(TM) version 1.9.4 compiled on April 29 2014" />
    <property name="java.class.path" value="C:\Users\droukman\git\LeanFT_WHDBDemo\lib\com.hp.lft.report-12.52.0.jar;C:\Users\droukman\git\LeanFT_WHDBDemo\lib\com.hp.lft.sdk-12.52.0-standalone.jar;C:\Users\droukman\git\LeanFT_WHDBDemo\lib\com.hp.lft.unittesting-12.52.0.jar;C:\Users\droukman\git\LeanFT_WHDBDemo\lib\com.hp.lft.verifications-12.52.0.jar;C:\Users\droukman\git\LeanFT_WHDBDemo\lib\junit.jar;C:\Users\droukman\git\LeanFT_WHDBDemo\lib\org.hamcrest.core_1.3.0.v201303031735.jar;C:\Users\droukman\git\LeanFT_WHDBDemo\bin;C:\eclipse\eclipse\plugins\org.apache.ant_1.9.4.v201504302020\lib\ant-launcher.jar;C:\eclipse\eclipse\plugins\org.apache.ant_1.9.4.v201504302020\lib\ant.jar;C:\eclipse\eclipse\plugins\org.apache.ant_1.9.4.v201504302020\lib\ant-junit.jar;C:\eclipse\eclipse\plugins\org.apache.ant_1.9.4.v201504302020\lib\ant-junit4.jar" />
    <property name="sun.java.command" value="org.apache.tools.ant.taskdefs.optional.junit.JUnitTestRunner lft.wdhbdemo.LeanFtTest skipNonTests=false filtertrace=true haltOnError=false haltOnFailure=false formatter=org.apache.tools.ant.taskdefs.optional.junit.SummaryJUnitResultFormatter showoutput=false outputtoformatters=true logfailedtests=true threadid=0 logtestlistenerevents=false formatter=org.apache.tools.ant.taskdefs.optional.junit.XMLJUnitResultFormatter,C:\Users\droukman\git\LeanFT_WHDBDemo\RunResults\TEST-lft.wdhbdemo.LeanFtTest.xml crashfile=C:\Users\droukman\git\LeanFT_WHDBDemo\junitvmwatcher8845742108265812264.properties propsfile=C:\Users\droukman\git\LeanFT_WHDBDemo\junit8539005850590835506.properties" />
    <property name="osgi.requiredJavaVersion" value="1.7" />
    <property name="org.eclipse.update.reconcile" value="false" />
    <property name="eclipse.vm" value="C:\Windows\system32\javaw.exe" />
    <property name="java.vm.specification.name" value="Java Virtual Machine Specification" />
    <property name="java.vm.specification.version" value="1.7" />
    <property name="sun.cpu.endian" value="little" />
    <property name="sun.os.patch.level" value="" />
    <property name="gosh.args" value="--nointeractive" />
    <property name="java.io.tmpdir" value="C:\Users\droukman\AppData\Local\Temp\" />
    <property name="applicationXMI" value="org.eclipse.ui.workbench/LegacyIDE.e4xmi" />
    <property name="java.vendor.url.bug" value="http://bugreport.sun.com/bugreport/" />
    <property name="eclipse.product" value="org.eclipse.epp.package.java.product" />
    <property name="eclipse.home.location" value="file:/C:/eclipse/eclipse/" />
    <property name="java.awt.graphicsenv" value="sun.awt.Win32GraphicsEnvironment" />
    <property name="os.arch" value="amd64" />
    <property name="IsEclipse4" value="Yes" />
    <property name="java.ext.dirs" value="C:\Program Files\Java\jre7\lib\ext;C:\Windows\Sun\Java\lib\ext" />
    <property name="user.dir" value="C:\eclipse\eclipse" />
    <property name="org.osgi.supports.framework.requirebundle" value="true" />
    <property name="build.test.dir" value="C:\Users\droukman\git\LeanFT_WHDBDemo\bin" />
    <property name="line.separator" value="&#xd;&#xa;" />
    <property name="java.vm.name" value="Java HotSpot(TM) 64-Bit Server VM" />
    <property name="CurrentProcessId" value="2228" />
    <property name="ant.file.type.LeanFT_WDHBDemo" value="file" />
    <property name="org.apache.commons.logging.Log" value="org.apache.commons.logging.impl.NoOpLog" />
    <property name="basedir" value="C:\Users\droukman\git\LeanFT_WHDBDemo" />
    <property name="ant.java.version" value="1.7" />
    <property name="ant.core.lib" value="C:\eclipse\eclipse\plugins\org.apache.ant_1.9.4.v201504302020\lib\ant.jar" />
    <property name="file.encoding" value="Cp1252" />
    <property name="eclipse.buildId" value="4.5.1.M20150904-0015" />
    <property name="eclipse.vmargs" value="-Dosgi.requiredJavaVersion=1.7&#xa;-Xms256m&#xa;-Xmx1024m&#xa;-XX:MaxPermSize=256m&#xa;-jar&#xa;C:\eclipse\eclipse\\plugins/org.eclipse.equinox.launcher_1.3.100.v20150511-1540.jar&#xa;" />
    <property name="java.specification.version" value="1.7" />
    <property name="src.dir" value="C:\Users\droukman\git\LeanFT_WHDBDemo\src" />
    <property name="org.osgi.framework.executionenvironment" value="OSGi/Minimum-1.0,OSGi/Minimum-1.1,OSGi/Minimum-1.2,JRE-1.1,J2SE-1.2,J2SE-1.3,J2SE-1.4,J2SE-1.5,JavaSE-1.6,JavaSE-1.7" />
    <property name="ant.project.invoked-targets" value="main" />
    <property name="osgi.logfile" value="C:\Users\droukman\workspace\LeanFT_WHDB_Demo\.metadata\.log" />
    <property name="osgi.configuration.area" value="file:/C:/eclipse/eclipse/configuration/" />
  </properties>
  <testcase classname="lft.wdhbdemo.LeanFtTest" name="selectMenuItem" time="30.156">
    <error message="General Error occurred" type="com.hp.lft.sdk.GeneralServerErrorException">com.hp.lft.sdk.GeneralServerErrorException: General Error occurred
	at com.hp.lft.sdk.internal.GeneralExceptionFactory$1.create(GeneralExceptionFactory.java:27)
	at com.hp.lft.sdk.internal.GeneralExceptionFactory.createException(GeneralExceptionFactory.java:127)
	at com.hp.lft.sdk.internal.GeneralExceptionFactory.createException(GeneralExceptionFactory.java:8)
	at com.hp.lft.sdk.internal.CommunicationClientImpl.handleError(CommunicationClientImpl.java:214)
	at com.hp.lft.sdk.internal.CommunicationClientImpl.send(CommunicationClientImpl.java:95)
	at com.hp.lft.sdk.web.BrowserFactory$BrowserFactoryInstance$1.invoke(BrowserFactory.java:98)
	at com.hp.lft.sdk.web.BrowserFactory$BrowserFactoryInstance$1.invoke(BrowserFactory.java:89)
	at com.hp.lft.sdk.internal.TestObjectOperationWrapper.executeWithEvents(TestObjectOperationWrapper.java:115)
	at com.hp.lft.sdk.internal.TestObjectOperationWrapper.executeWithEvents(TestObjectOperationWrapper.java:92)
	at com.hp.lft.sdk.web.BrowserFactory$BrowserFactoryInstance.launch(BrowserFactory.java:105)
	at com.hp.lft.sdk.web.BrowserFactory.launch(BrowserFactory.java:41)
	at lft.wdhbdemo.LeanFtTest.setUp(Unknown Source)
</error>
  </testcase>
  <testcase classname="lft.wdhbdemo.LeanFtTest" name="nagivate" time="89.061" />
  <system-out><![CDATA[]]></system-out>
  <system-err><![CDATA[]]></system-err>
</testsuite>
